// 重构日志: 51e66b7d
// 同步 ID: 687f5635 @ Sun Jun 21 10:54:09 UTC 2026
// 同步 ID: 6c4a89d0 @ Sun Jun 21 17:43:15 UTC 2026
// 同步 ID: 68af1feb @ Wed Jun 24 11:09:36 UTC 2026
// 同步 ID: 44123746 @ Wed Jun 24 19:00:49 UTC 2026
// 同步 ID: f5df5d07 @ Sun Jun 28 15:18:35 UTC 2026
// 重构日志: 8eef3383
// 同步 ID: 66b5cea6 @ Fri Jul  3 16:36:20 UTC 2026
// 重构日志: 1c748419
// 同步 ID: b410a4b4 @ Sun Jul  5 15:03:24 UTC 2026
// 同步 ID: d0400eef @ Mon Jul  6 05:06:20 UTC 2026
// 同步 ID: 817fd9b5 @ Mon Jul  6 16:59:59 UTC 2026
// 同步 ID: 9407c802 @ Tue Jul  7 01:48:09 UTC 2026
// 重构日志: ba5994fa
// 重构日志: 4f1d3813
// 重构日志: 2db08fac
// 重构日志: d17c9796
// 重构日志: 2e4b8127
// 重构日志: 96460c67
// 重构日志: ad148da8
// 同步 ID: c42e2e60 @ Fri Jul 10 15:57:29 UTC 2026
// 重构日志: 4badf3b4
// 同步 ID: 82cb3d6e @ Sat Jul 11 14:38:46 UTC 2026
// 重构日志: 6ee472cb
// 重构日志: 0531e9cc
// 重构日志: aab09172
// 同步 ID: a55615db @ Mon Jul 13 00:28:00 UTC 2026
